2022-12-15 11:14:57,820 INFO  [Log] ********************************** 
2022-12-15 11:14:57,822 INFO  [Log] ***************************************** 
2022-12-15 11:14:57,822 INFO  [Log] ############   My first test case is Login test ################ 
2022-12-15 11:14:57,822 INFO  [Log] ********************************** 
2022-12-15 11:14:57,822 INFO  [Log] ***************************************** 
2022-12-15 11:14:57,822 INFO  [Log] My login test is going on 
2022-12-15 11:14:57,822 INFO  [Log] My test case might be failed 
2022-12-15 11:15:02,653 INFO  [Log] My test case is about to complete 
2022-12-15 11:15:02,653 INFO  [Log] ################################## 
2022-12-15 11:15:02,653 INFO  [Log] ########################################## 
2022-12-15 11:15:02,661 INFO  [Log] ############   This is my login test again ################ 
2022-12-15 11:15:02,661 INFO  [Log] ########################## 
2022-12-15 11:15:02,661 INFO  [Log] ########################################## 
2022-12-15 17:16:14,302 INFO  [Log] ********************************** 
2022-12-15 17:16:14,302 INFO  [Log] ***************************************** 
2022-12-15 17:16:14,302 INFO  [Log] ############   My first test case is Login test ################ 
2022-12-15 17:16:14,303 INFO  [Log] ********************************** 
2022-12-15 17:16:14,303 INFO  [Log] ***************************************** 
2022-12-15 17:16:14,303 INFO  [Log] My login test is going on 
2022-12-15 17:16:14,303 INFO  [Log] My test case might be failed 
2022-12-15 17:16:19,173 INFO  [Log] My test case is about to complete 
2022-12-15 17:16:19,173 INFO  [Log] ################################## 
2022-12-15 17:16:19,173 INFO  [Log] ########################################## 
2022-12-15 17:16:19,173 INFO  [Log] ############   This is my login test again ################ 
2022-12-15 17:16:19,173 INFO  [Log] ########################## 
2022-12-15 17:16:19,173 INFO  [Log] ########################################## 
2022-12-15 17:16:37,117 INFO  [Log] ********************************** 
2022-12-15 17:16:37,117 INFO  [Log] ***************************************** 
2022-12-15 17:16:37,118 INFO  [Log] ############   My first test case is Login test ################ 
2022-12-15 17:16:37,118 INFO  [Log] ********************************** 
2022-12-15 17:16:37,118 INFO  [Log] ***************************************** 
2022-12-15 17:16:37,118 INFO  [Log] My login test is going on 
2022-12-15 17:16:37,118 INFO  [Log] My test case might be failed 
2022-12-15 17:16:39,738 INFO  [Log] My test case is about to complete 
2022-12-15 17:16:39,738 INFO  [Log] ################################## 
2022-12-15 17:16:39,738 INFO  [Log] ########################################## 
2022-12-15 17:16:39,738 INFO  [Log] ############   This is my login test again ################ 
2022-12-15 17:16:39,738 INFO  [Log] ########################## 
2022-12-15 17:16:39,738 INFO  [Log] ########################################## 
2022-12-15 17:18:26,369 INFO  [Log] ********************************** 
2022-12-15 17:18:26,369 INFO  [Log] ***************************************** 
2022-12-15 17:18:26,370 INFO  [Log] ############   My first test case is Login test ################ 
2022-12-15 17:18:26,370 INFO  [Log] ********************************** 
2022-12-15 17:18:26,370 INFO  [Log] ***************************************** 
2022-12-15 17:18:26,370 INFO  [Log] My login test is going on 
2022-12-15 17:18:26,370 INFO  [Log] My test case might be failed 
2022-12-15 17:18:28,736 INFO  [Log] My test case is about to complete 
2022-12-15 17:18:28,736 INFO  [Log] ################################## 
2022-12-15 17:18:28,736 INFO  [Log] ########################################## 
2022-12-15 17:18:28,736 INFO  [Log] ############   This is my login test again ################ 
2022-12-15 17:18:28,736 INFO  [Log] ########################## 
2022-12-15 17:18:28,736 INFO  [Log] ########################################## 
2022-12-15 17:53:04,444 INFO  [Log] ********************************** 
2022-12-15 17:53:04,444 INFO  [Log] ***************************************** 
2022-12-15 17:53:04,444 INFO  [Log] ############   My first test case is Login test ################ 
2022-12-15 17:53:04,444 INFO  [Log] ********************************** 
2022-12-15 17:53:04,444 INFO  [Log] ***************************************** 
2022-12-15 17:53:04,444 INFO  [Log] My login test is going on 
2022-12-15 17:53:04,444 INFO  [Log] My test case might be failed 
2022-12-15 17:53:06,914 INFO  [Log] My test case is about to complete 
2022-12-15 17:53:06,914 INFO  [Log] ################################## 
2022-12-15 17:53:06,914 INFO  [Log] ########################################## 
2022-12-15 17:53:06,914 INFO  [Log] ############   This is my login test again ################ 
2022-12-15 17:53:06,914 INFO  [Log] ########################## 
2022-12-15 17:53:06,914 INFO  [Log] ########################################## 
2022-12-25 21:09:23,685 INFO  [Log] ********************************** 
2022-12-25 21:09:23,686 INFO  [Log] ***************************************** 
2022-12-25 21:09:23,686 INFO  [Log] ############   My first test case is Login test ################ 
2022-12-25 21:09:23,686 INFO  [Log] ********************************** 
2022-12-25 21:09:23,686 INFO  [Log] ***************************************** 
2022-12-25 21:09:23,686 INFO  [Log] My login test is going on 
2022-12-25 21:09:23,686 INFO  [Log] My test case might be failed 
2022-12-25 21:09:26,080 INFO  [Log] My test case is about to complete 
2022-12-25 21:09:26,080 INFO  [Log] ################################## 
2022-12-25 21:09:26,080 INFO  [Log] ########################################## 
2022-12-25 21:09:26,080 INFO  [Log] ############   This is my login test again ################ 
2022-12-25 21:09:26,080 INFO  [Log] ########################## 
2022-12-25 21:09:26,080 INFO  [Log] ########################################## 
2023-01-01 12:00:21,021 INFO  [Log] ********************************** 
2023-01-01 12:00:21,021 INFO  [Log] ***************************************** 
2023-01-01 12:00:21,021 INFO  [Log] ############   My first test case is Login test ################ 
2023-01-01 12:00:21,021 INFO  [Log] ********************************** 
2023-01-01 12:00:21,021 INFO  [Log] ***************************************** 
2023-01-01 12:00:21,021 INFO  [Log] My login test is going on 
2023-01-01 12:00:21,021 INFO  [Log] My test case might be failed 
2023-01-01 12:00:23,526 INFO  [Log] My test case is about to complete 
2023-01-01 12:00:23,526 INFO  [Log] ################################## 
2023-01-01 12:00:23,526 INFO  [Log] ########################################## 
2023-01-01 12:00:23,526 INFO  [Log] ############   This is my login test again ################ 
2023-01-01 12:00:23,526 INFO  [Log] ########################## 
2023-01-01 12:00:23,526 INFO  [Log] ########################################## 
